ARM GAS  /var/folders/lr/lj34qkqj2c73hcmf5705x8480000gn/T//ccDiURMe.s 			page 1


   1              		.cpu cortex-m4
   2              		.arch armv7e-m
   3              		.fpu fpv4-sp-d16
   4              		.eabi_attribute 27, 1
   5              		.eabi_attribute 28, 1
   6              		.eabi_attribute 20, 1
   7              		.eabi_attribute 21, 1
   8              		.eabi_attribute 23, 3
   9              		.eabi_attribute 24, 1
  10              		.eabi_attribute 25, 1
  11              		.eabi_attribute 26, 1
  12              		.eabi_attribute 30, 1
  13              		.eabi_attribute 34, 1
  14              		.eabi_attribute 18, 4
  15              		.file	"lis2hd12.c"
  16              		.text
  17              	.Ltext0:
  18              		.cfi_sections	.debug_frame
  19              		.file 1 "Core/Src/lis2hd12.c"
  20              		.section	.text.lis2hd12_who_am_i,"ax",%progbits
  21              		.align	1
  22              		.global	lis2hd12_who_am_i
  23              		.syntax unified
  24              		.thumb
  25              		.thumb_func
  27              	lis2hd12_who_am_i:
  28              	.LVL0:
  29              	.LFB133:
   1:Core/Src/lis2hd12.c **** #include "i2c.h"
   2:Core/Src/lis2hd12.c **** #include "lis2hd12.h"
   3:Core/Src/lis2hd12.c **** #include "main.h"
   4:Core/Src/lis2hd12.c **** 
   5:Core/Src/lis2hd12.c **** volatile uint8_t write_complete = 0;
   6:Core/Src/lis2hd12.c **** volatile uint8_t read_complete = 0;
   7:Core/Src/lis2hd12.c **** 
   8:Core/Src/lis2hd12.c **** #define LIS2HD12_I2C_ADDR (0x19 << 1)
   9:Core/Src/lis2hd12.c **** 
  10:Core/Src/lis2hd12.c **** static inline uint8_t lis2hd12_write(uint8_t *buf, uint32_t len)
  11:Core/Src/lis2hd12.c **** {
  12:Core/Src/lis2hd12.c ****     return i2c_write(LIS2HD12_I2C_ADDR, buf, len);
  13:Core/Src/lis2hd12.c **** }
  14:Core/Src/lis2hd12.c **** static inline uint8_t lis2hd12_read_reg(uint8_t memaddr, uint8_t *buf, uint32_t len)
  15:Core/Src/lis2hd12.c **** {
  16:Core/Src/lis2hd12.c ****     return i2c_mem_read(LIS2HD12_I2C_ADDR, memaddr, sizeof(uint8_t), buf, len);
  17:Core/Src/lis2hd12.c **** }
  18:Core/Src/lis2hd12.c **** static inline uint8_t lis2hd12_write_reg(uint8_t reg_addr, uint8_t data)
  19:Core/Src/lis2hd12.c **** {
  20:Core/Src/lis2hd12.c ****     return 0;
  21:Core/Src/lis2hd12.c **** }
  22:Core/Src/lis2hd12.c **** 
  23:Core/Src/lis2hd12.c **** void lis2hd12_init(void);
  24:Core/Src/lis2hd12.c **** uint8_t lis2hd12_who_am_i(uint8_t *who_am_i)
  25:Core/Src/lis2hd12.c **** {
  30              		.loc 1 25 1 view -0
  31              		.cfi_startproc
  32              		@ args = 0, pretend = 0, frame = 0
  33              		@ frame_needed = 0, uses_anonymous_args = 0
ARM GAS  /var/folders/lr/lj34qkqj2c73hcmf5705x8480000gn/T//ccDiURMe.s 			page 2


  34              		.loc 1 25 1 is_stmt 0 view .LVU1
  35 0000 00B5     		push	{lr}
  36              	.LCFI0:
  37              		.cfi_def_cfa_offset 4
  38              		.cfi_offset 14, -4
  39 0002 83B0     		sub	sp, sp, #12
  40              	.LCFI1:
  41              		.cfi_def_cfa_offset 16
  42 0004 0346     		mov	r3, r0
  26:Core/Src/lis2hd12.c **** 
  27:Core/Src/lis2hd12.c ****     static const uint8_t REG_ADDR = 0x0f;
  43              		.loc 1 27 5 is_stmt 1 view .LVU2
  28:Core/Src/lis2hd12.c **** 
  29:Core/Src/lis2hd12.c ****     return lis2hd12_read_reg(REG_ADDR, who_am_i, 1);
  44              		.loc 1 29 5 view .LVU3
  45              	.LVL1:
  46              	.LBB4:
  47              	.LBI4:
  14:Core/Src/lis2hd12.c **** {
  48              		.loc 1 14 23 view .LVU4
  49              	.LBB5:
  16:Core/Src/lis2hd12.c **** }
  50              		.loc 1 16 5 view .LVU5
  16:Core/Src/lis2hd12.c **** }
  51              		.loc 1 16 12 is_stmt 0 view .LVU6
  52 0006 0122     		movs	r2, #1
  53 0008 0092     		str	r2, [sp]
  54 000a 0F21     		movs	r1, #15
  55 000c 3220     		movs	r0, #50
  56              	.LVL2:
  16:Core/Src/lis2hd12.c **** }
  57              		.loc 1 16 12 view .LVU7
  58 000e FFF7FEFF 		bl	i2c_mem_read
  59              	.LVL3:
  16:Core/Src/lis2hd12.c **** }
  60              		.loc 1 16 12 view .LVU8
  61              	.LBE5:
  62              	.LBE4:
  30:Core/Src/lis2hd12.c **** }...
  63              		.loc 1 30 1 view .LVU9
  64 0012 03B0     		add	sp, sp, #12
  65              	.LCFI2:
  66              		.cfi_def_cfa_offset 4
  67              		@ sp needed
  68 0014 5DF804FB 		ldr	pc, [sp], #4
  69              		.cfi_endproc
  70              	.LFE133:
  72              		.global	read_complete
  73              		.section	.bss.read_complete,"aw",%nobits
  76              	read_complete:
  77 0000 00       		.space	1
  78              		.global	write_complete
  79              		.section	.bss.write_complete,"aw",%nobits
  82              	write_complete:
  83 0000 00       		.space	1
  84              		.text
  85              	.Letext0:
ARM GAS  /var/folders/lr/lj34qkqj2c73hcmf5705x8480000gn/T//ccDiURMe.s 			page 3


  86              		.file 2 "/Applications/ArmGNUToolchain/12.2.mpacbti-rel1/arm-none-eabi/arm-none-eabi/include/machi
  87              		.file 3 "/Applications/ArmGNUToolchain/12.2.mpacbti-rel1/arm-none-eabi/arm-none-eabi/include/sys/_
  88              		.file 4 "Core/Inc/i2c.h"
ARM GAS  /var/folders/lr/lj34qkqj2c73hcmf5705x8480000gn/T//ccDiURMe.s 			page 4


DEFINED SYMBOLS
                            *ABS*:00000000 lis2hd12.c
/var/folders/lr/lj34qkqj2c73hcmf5705x8480000gn/T//ccDiURMe.s:21     .text.lis2hd12_who_am_i:00000000 $t
/var/folders/lr/lj34qkqj2c73hcmf5705x8480000gn/T//ccDiURMe.s:27     .text.lis2hd12_who_am_i:00000000 lis2hd12_who_am_i
/var/folders/lr/lj34qkqj2c73hcmf5705x8480000gn/T//ccDiURMe.s:76     .bss.read_complete:00000000 read_complete
/var/folders/lr/lj34qkqj2c73hcmf5705x8480000gn/T//ccDiURMe.s:77     .bss.read_complete:00000000 $d
/var/folders/lr/lj34qkqj2c73hcmf5705x8480000gn/T//ccDiURMe.s:82     .bss.write_complete:00000000 write_complete
/var/folders/lr/lj34qkqj2c73hcmf5705x8480000gn/T//ccDiURMe.s:83     .bss.write_complete:00000000 $d

UNDEFINED SYMBOLS
i2c_mem_read
