ARM GAS  /var/folders/lr/lj34qkqj2c73hcmf5705x8480000gn/T//cc1vErMS.s 			page 1


   1              		.cpu cortex-m4
   2              		.arch armv7e-m
   3              		.fpu fpv4-sp-d16
   4              		.eabi_attribute 27, 1
   5              		.eabi_attribute 28, 1
   6              		.eabi_attribute 20, 1
   7              		.eabi_attribute 21, 1
   8              		.eabi_attribute 23, 3
   9              		.eabi_attribute 24, 1
  10              		.eabi_attribute 25, 1
  11              		.eabi_attribute 26, 1
  12              		.eabi_attribute 30, 1
  13              		.eabi_attribute 34, 1
  14              		.eabi_attribute 18, 4
  15              		.file	"sam_m10q.c"
  16              		.text
  17              	.Ltext0:
  18              		.cfi_sections	.debug_frame
  19              		.file 1 "Core/Src/sam_m10q.c"
  20              		.section	.text.sam_m10q_reset,"ax",%progbits
  21              		.align	1
  22              		.global	sam_m10q_reset
  23              		.syntax unified
  24              		.thumb
  25              		.thumb_func
  27              	sam_m10q_reset:
  28              	.LFB130:
   1:Core/Src/sam_m10q.c **** #include "sam_m10q.h"
   2:Core/Src/sam_m10q.c **** #include "stm32f401xc.h"
   3:Core/Src/sam_m10q.c **** #include "main.h"
   4:Core/Src/sam_m10q.c **** #include "i2c.h"
   5:Core/Src/sam_m10q.c **** 
   6:Core/Src/sam_m10q.c **** #define SAM_M10Q_I2CA_ADDR (0x42 << 1)
   7:Core/Src/sam_m10q.c **** 
   8:Core/Src/sam_m10q.c **** void sam_m10q_init(void);
   9:Core/Src/sam_m10q.c **** void sam_m10q_reset(void)
  10:Core/Src/sam_m10q.c **** {
  29              		.loc 1 10 1 view -0
  30              		.cfi_startproc
  31              		@ args = 0, pretend = 0, frame = 0
  32              		@ frame_needed = 0, uses_anonymous_args = 0
  33 0000 10B5     		push	{r4, lr}
  34              		.cfi_def_cfa_offset 8
  35              		.cfi_offset 4, -8
  36              		.cfi_offset 14, -4
  11:Core/Src/sam_m10q.c ****     HAL_GPIO_WritePin(GPS_INT_GPIO_Port, GPS_INT_Pin, 0);
  37              		.loc 1 11 5 view .LVU1
  38 0002 074C     		ldr	r4, .L3
  39 0004 0022     		movs	r2, #0
  40 0006 4FF48041 		mov	r1, #16384
  41 000a 2046     		mov	r0, r4
  42 000c FFF7FEFF 		bl	HAL_GPIO_WritePin
  43              	.LVL0:
  12:Core/Src/sam_m10q.c ****     HAL_GPIO_WritePin(GPS_INT_GPIO_Port, GPS_INT_Pin, 1);
  44              		.loc 1 12 5 view .LVU2
  45 0010 0122     		movs	r2, #1
  46 0012 4FF48041 		mov	r1, #16384
ARM GAS  /var/folders/lr/lj34qkqj2c73hcmf5705x8480000gn/T//cc1vErMS.s 			page 2


  47 0016 2046     		mov	r0, r4
  48 0018 FFF7FEFF 		bl	HAL_GPIO_WritePin
  49              	.LVL1:
  13:Core/Src/sam_m10q.c **** }
  50              		.loc 1 13 1 is_stmt 0 view .LVU3
  51 001c 10BD     		pop	{r4, pc}
  52              	.L4:
  53 001e 00BF     		.align	2
  54              	.L3:
  55 0020 00080240 		.word	1073874944
  56              		.cfi_endproc
  57              	.LFE130:
  59              		.text
  60              	.Letext0:
  61              		.file 2 "/Applications/ArmGNUToolchain/12.2.mpacbti-rel1/arm-none-eabi/arm-none-eabi/include/machi
  62              		.file 3 "/Applications/ArmGNUToolchain/12.2.mpacbti-rel1/arm-none-eabi/arm-none-eabi/include/sys/_
  63              		.file 4 "Drivers/CMSIS/Device/ST/STM32F4xx/Include/stm32f401xc.h"
  64              		.file 5 "Drivers/STM32F4xx_HAL_Driver/Inc/stm32f4xx_hal_gpio.h"
ARM GAS  /var/folders/lr/lj34qkqj2c73hcmf5705x8480000gn/T//cc1vErMS.s 			page 3


DEFINED SYMBOLS
                            *ABS*:00000000 sam_m10q.c
/var/folders/lr/lj34qkqj2c73hcmf5705x8480000gn/T//cc1vErMS.s:21     .text.sam_m10q_reset:00000000 $t
/var/folders/lr/lj34qkqj2c73hcmf5705x8480000gn/T//cc1vErMS.s:27     .text.sam_m10q_reset:00000000 sam_m10q_reset
/var/folders/lr/lj34qkqj2c73hcmf5705x8480000gn/T//cc1vErMS.s:55     .text.sam_m10q_reset:00000020 $d

UNDEFINED SYMBOLS
HAL_GPIO_WritePin
