ARM GAS  /var/folders/lr/lj34qkqj2c73hcmf5705x8480000gn/T//cck8IyFR.s 			page 1


   1              		.cpu cortex-m4
   2              		.arch armv7e-m
   3              		.fpu fpv4-sp-d16
   4              		.eabi_attribute 27, 1
   5              		.eabi_attribute 28, 1
   6              		.eabi_attribute 20, 1
   7              		.eabi_attribute 21, 1
   8              		.eabi_attribute 23, 3
   9              		.eabi_attribute 24, 1
  10              		.eabi_attribute 25, 1
  11              		.eabi_attribute 26, 1
  12              		.eabi_attribute 30, 1
  13              		.eabi_attribute 34, 1
  14              		.eabi_attribute 18, 4
  15              		.file	"stm32f4xx_it.c"
  16              		.text
  17              	.Ltext0:
  18              		.cfi_sections	.debug_frame
  19              		.file 1 "Core/Src/stm32f4xx_it.c"
  20              		.section	.text.NMI_Handler,"ax",%progbits
  21              		.align	1
  22              		.global	NMI_Handler
  23              		.syntax unified
  24              		.thumb
  25              		.thumb_func
  27              	NMI_Handler:
  28              	.LFB130:
   1:Core/Src/stm32f4xx_it.c **** /* USER CODE BEGIN Header */
   2:Core/Src/stm32f4xx_it.c **** /**
   3:Core/Src/stm32f4xx_it.c ****   ******************************************************************************
   4:Core/Src/stm32f4xx_it.c ****   * @file    stm32f4xx_it.c
   5:Core/Src/stm32f4xx_it.c ****   * @brief   Interrupt Service Routines.
   6:Core/Src/stm32f4xx_it.c ****   ******************************************************************************
   7:Core/Src/stm32f4xx_it.c ****   * @attention
   8:Core/Src/stm32f4xx_it.c ****   *
   9:Core/Src/stm32f4xx_it.c ****   * Copyright (c) 2023 STMicroelectronics.
  10:Core/Src/stm32f4xx_it.c ****   * All rights reserved.
  11:Core/Src/stm32f4xx_it.c ****   *
  12:Core/Src/stm32f4xx_it.c ****   * This software is licensed under terms that can be found in the LICENSE file
  13:Core/Src/stm32f4xx_it.c ****   * in the root directory of this software component.
  14:Core/Src/stm32f4xx_it.c ****   * If no LICENSE file comes with this software, it is provided AS-IS.
  15:Core/Src/stm32f4xx_it.c ****   *
  16:Core/Src/stm32f4xx_it.c ****   ******************************************************************************
  17:Core/Src/stm32f4xx_it.c ****   */
  18:Core/Src/stm32f4xx_it.c **** /* USER CODE END Header */
  19:Core/Src/stm32f4xx_it.c **** 
  20:Core/Src/stm32f4xx_it.c **** /* Includes ------------------------------------------------------------------*/
  21:Core/Src/stm32f4xx_it.c **** #include "main.h"
  22:Core/Src/stm32f4xx_it.c **** #include "stm32f4xx_it.h"
  23:Core/Src/stm32f4xx_it.c **** /* Private includes ----------------------------------------------------------*/
  24:Core/Src/stm32f4xx_it.c **** /* USER CODE BEGIN Includes */
  25:Core/Src/stm32f4xx_it.c **** /* USER CODE END Includes */
  26:Core/Src/stm32f4xx_it.c **** 
  27:Core/Src/stm32f4xx_it.c **** /* Private typedef -----------------------------------------------------------*/
  28:Core/Src/stm32f4xx_it.c **** /* USER CODE BEGIN TD */
  29:Core/Src/stm32f4xx_it.c **** 
  30:Core/Src/stm32f4xx_it.c **** /* USER CODE END TD */
ARM GAS  /var/folders/lr/lj34qkqj2c73hcmf5705x8480000gn/T//cck8IyFR.s 			page 2


  31:Core/Src/stm32f4xx_it.c **** 
  32:Core/Src/stm32f4xx_it.c **** /* Private define ------------------------------------------------------------*/
  33:Core/Src/stm32f4xx_it.c **** /* USER CODE BEGIN PD */
  34:Core/Src/stm32f4xx_it.c **** 
  35:Core/Src/stm32f4xx_it.c **** /* USER CODE END PD */
  36:Core/Src/stm32f4xx_it.c **** 
  37:Core/Src/stm32f4xx_it.c **** /* Private macro -------------------------------------------------------------*/
  38:Core/Src/stm32f4xx_it.c **** /* USER CODE BEGIN PM */
  39:Core/Src/stm32f4xx_it.c **** 
  40:Core/Src/stm32f4xx_it.c **** /* USER CODE END PM */
  41:Core/Src/stm32f4xx_it.c **** 
  42:Core/Src/stm32f4xx_it.c **** /* Private variables ---------------------------------------------------------*/
  43:Core/Src/stm32f4xx_it.c **** /* USER CODE BEGIN PV */
  44:Core/Src/stm32f4xx_it.c **** 
  45:Core/Src/stm32f4xx_it.c **** /* USER CODE END PV */
  46:Core/Src/stm32f4xx_it.c **** 
  47:Core/Src/stm32f4xx_it.c **** /* Private function prototypes -----------------------------------------------*/
  48:Core/Src/stm32f4xx_it.c **** /* USER CODE BEGIN PFP */
  49:Core/Src/stm32f4xx_it.c **** 
  50:Core/Src/stm32f4xx_it.c **** /* USER CODE END PFP */
  51:Core/Src/stm32f4xx_it.c **** 
  52:Core/Src/stm32f4xx_it.c **** /* Private user code ---------------------------------------------------------*/
  53:Core/Src/stm32f4xx_it.c **** /* USER CODE BEGIN 0 */
  54:Core/Src/stm32f4xx_it.c **** 
  55:Core/Src/stm32f4xx_it.c **** /* USER CODE END 0 */
  56:Core/Src/stm32f4xx_it.c **** 
  57:Core/Src/stm32f4xx_it.c **** /* External variables --------------------------------------------------------*/
  58:Core/Src/stm32f4xx_it.c **** extern DMA_HandleTypeDef hdma_i2c3_rx;
  59:Core/Src/stm32f4xx_it.c **** extern DMA_HandleTypeDef hdma_i2c3_tx;
  60:Core/Src/stm32f4xx_it.c **** extern DMA_HandleTypeDef hdma_spi1_rx;
  61:Core/Src/stm32f4xx_it.c **** extern DMA_HandleTypeDef hdma_spi1_tx;
  62:Core/Src/stm32f4xx_it.c **** extern DMA_HandleTypeDef hdma_usart1_tx;
  63:Core/Src/stm32f4xx_it.c **** extern DMA_HandleTypeDef hdma_usart2_rx;
  64:Core/Src/stm32f4xx_it.c **** extern DMA_HandleTypeDef hdma_usart2_tx;
  65:Core/Src/stm32f4xx_it.c **** extern UART_HandleTypeDef huart1;
  66:Core/Src/stm32f4xx_it.c **** extern TIM_HandleTypeDef htim4;
  67:Core/Src/stm32f4xx_it.c **** 
  68:Core/Src/stm32f4xx_it.c **** /* USER CODE BEGIN EV */
  69:Core/Src/stm32f4xx_it.c **** 
  70:Core/Src/stm32f4xx_it.c **** /* USER CODE END EV */
  71:Core/Src/stm32f4xx_it.c **** 
  72:Core/Src/stm32f4xx_it.c **** /******************************************************************************/
  73:Core/Src/stm32f4xx_it.c **** /*           Cortex-M4 Processor Interruption and Exception Handlers          */
  74:Core/Src/stm32f4xx_it.c **** /******************************************************************************/
  75:Core/Src/stm32f4xx_it.c **** /**
  76:Core/Src/stm32f4xx_it.c ****   * @brief This function handles Non maskable interrupt.
  77:Core/Src/stm32f4xx_it.c ****   */
  78:Core/Src/stm32f4xx_it.c **** void NMI_Handler(void)
  79:Core/Src/stm32f4xx_it.c **** {
  29              		.loc 1 79 1 view -0
  30              		.cfi_startproc
  31              		@ Volatile: function does not return.
  32              		@ args = 0, pretend = 0, frame = 0
  33              		@ frame_needed = 0, uses_anonymous_args = 0
  34              		@ link register save eliminated.
  35              	.L2:
  80:Core/Src/stm32f4xx_it.c ****   /* USER CODE BEGIN NonMaskableInt_IRQn 0 */
ARM GAS  /var/folders/lr/lj34qkqj2c73hcmf5705x8480000gn/T//cck8IyFR.s 			page 3


  81:Core/Src/stm32f4xx_it.c **** 
  82:Core/Src/stm32f4xx_it.c ****   /* USER CODE END NonMaskableInt_IRQn 0 */
  83:Core/Src/stm32f4xx_it.c ****   /* USER CODE BEGIN NonMaskableInt_IRQn 1 */
  84:Core/Src/stm32f4xx_it.c ****   while (1)
  36              		.loc 1 84 3 discriminator 1 view .LVU1
  85:Core/Src/stm32f4xx_it.c ****   {
  86:Core/Src/stm32f4xx_it.c ****   }
  37              		.loc 1 86 3 discriminator 1 view .LVU2
  84:Core/Src/stm32f4xx_it.c ****   {
  38              		.loc 1 84 9 discriminator 1 view .LVU3
  39 0000 FEE7     		b	.L2
  40              		.cfi_endproc
  41              	.LFE130:
  43              		.section	.text.HardFault_Handler,"ax",%progbits
  44              		.align	1
  45              		.global	HardFault_Handler
  46              		.syntax unified
  47              		.thumb
  48              		.thumb_func
  50              	HardFault_Handler:
  51              	.LFB131:
  87:Core/Src/stm32f4xx_it.c ****   /* USER CODE END NonMaskableInt_IRQn 1 */
  88:Core/Src/stm32f4xx_it.c **** }
  89:Core/Src/stm32f4xx_it.c **** 
  90:Core/Src/stm32f4xx_it.c **** /**
  91:Core/Src/stm32f4xx_it.c ****   * @brief This function handles Hard fault interrupt.
  92:Core/Src/stm32f4xx_it.c ****   */
  93:Core/Src/stm32f4xx_it.c **** void HardFault_Handler(void)
  94:Core/Src/stm32f4xx_it.c **** {
  52              		.loc 1 94 1 view -0
  53              		.cfi_startproc
  54              		@ Volatile: function does not return.
  55              		@ args = 0, pretend = 0, frame = 0
  56              		@ frame_needed = 0, uses_anonymous_args = 0
  57              		@ link register save eliminated.
  58              	.L4:
  95:Core/Src/stm32f4xx_it.c ****   /* USER CODE BEGIN HardFault_IRQn 0 */
  96:Core/Src/stm32f4xx_it.c **** 
  97:Core/Src/stm32f4xx_it.c ****   /* USER CODE END HardFault_IRQn 0 */
  98:Core/Src/stm32f4xx_it.c ****   while (1)
  59              		.loc 1 98 3 discriminator 1 view .LVU5
  99:Core/Src/stm32f4xx_it.c ****   {
 100:Core/Src/stm32f4xx_it.c ****     /* USER CODE BEGIN W1_HardFault_IRQn 0 */
 101:Core/Src/stm32f4xx_it.c ****     /* USER CODE END W1_HardFault_IRQn 0 */
 102:Core/Src/stm32f4xx_it.c ****   }
  60              		.loc 1 102 3 discriminator 1 view .LVU6
  98:Core/Src/stm32f4xx_it.c ****   {
  61              		.loc 1 98 9 discriminator 1 view .LVU7
  62 0000 FEE7     		b	.L4
  63              		.cfi_endproc
  64              	.LFE131:
  66              		.section	.text.MemManage_Handler,"ax",%progbits
  67              		.align	1
  68              		.global	MemManage_Handler
  69              		.syntax unified
  70              		.thumb
  71              		.thumb_func
ARM GAS  /var/folders/lr/lj34qkqj2c73hcmf5705x8480000gn/T//cck8IyFR.s 			page 4


  73              	MemManage_Handler:
  74              	.LFB132:
 103:Core/Src/stm32f4xx_it.c **** }
 104:Core/Src/stm32f4xx_it.c **** 
 105:Core/Src/stm32f4xx_it.c **** /**
 106:Core/Src/stm32f4xx_it.c ****   * @brief This function handles Memory management fault.
 107:Core/Src/stm32f4xx_it.c ****   */
 108:Core/Src/stm32f4xx_it.c **** void MemManage_Handler(void)
 109:Core/Src/stm32f4xx_it.c **** {
  75              		.loc 1 109 1 view -0
  76              		.cfi_startproc
  77              		@ Volatile: function does not return.
  78              		@ args = 0, pretend = 0, frame = 0
  79              		@ frame_needed = 0, uses_anonymous_args = 0
  80              		@ link register save eliminated.
  81              	.L6:
 110:Core/Src/stm32f4xx_it.c ****   /* USER CODE BEGIN MemoryManagement_IRQn 0 */
 111:Core/Src/stm32f4xx_it.c **** 
 112:Core/Src/stm32f4xx_it.c ****   /* USER CODE END MemoryManagement_IRQn 0 */
 113:Core/Src/stm32f4xx_it.c ****   while (1)
  82              		.loc 1 113 3 discriminator 1 view .LVU9
 114:Core/Src/stm32f4xx_it.c ****   {
 115:Core/Src/stm32f4xx_it.c ****     /* USER CODE BEGIN W1_MemoryManagement_IRQn 0 */
 116:Core/Src/stm32f4xx_it.c ****     /* USER CODE END W1_MemoryManagement_IRQn 0 */
 117:Core/Src/stm32f4xx_it.c ****   }
  83              		.loc 1 117 3 discriminator 1 view .LVU10
 113:Core/Src/stm32f4xx_it.c ****   {
  84              		.loc 1 113 9 discriminator 1 view .LVU11
  85 0000 FEE7     		b	.L6
  86              		.cfi_endproc
  87              	.LFE132:
  89              		.section	.text.BusFault_Handler,"ax",%progbits
  90              		.align	1
  91              		.global	BusFault_Handler
  92              		.syntax unified
  93              		.thumb
  94              		.thumb_func
  96              	BusFault_Handler:
  97              	.LFB133:
 118:Core/Src/stm32f4xx_it.c **** }
 119:Core/Src/stm32f4xx_it.c **** 
 120:Core/Src/stm32f4xx_it.c **** /**
 121:Core/Src/stm32f4xx_it.c ****   * @brief This function handles Pre-fetch fault, memory access fault.
 122:Core/Src/stm32f4xx_it.c ****   */
 123:Core/Src/stm32f4xx_it.c **** void BusFault_Handler(void)
 124:Core/Src/stm32f4xx_it.c **** {
  98              		.loc 1 124 1 view -0
  99              		.cfi_startproc
 100              		@ Volatile: function does not return.
 101              		@ args = 0, pretend = 0, frame = 0
 102              		@ frame_needed = 0, uses_anonymous_args = 0
 103              		@ link register save eliminated.
 104              	.L8:
 125:Core/Src/stm32f4xx_it.c ****   /* USER CODE BEGIN BusFault_IRQn 0 */
 126:Core/Src/stm32f4xx_it.c **** 
 127:Core/Src/stm32f4xx_it.c ****   /* USER CODE END BusFault_IRQn 0 */
 128:Core/Src/stm32f4xx_it.c ****   while (1)
ARM GAS  /var/folders/lr/lj34qkqj2c73hcmf5705x8480000gn/T//cck8IyFR.s 			page 5


 105              		.loc 1 128 3 discriminator 1 view .LVU13
 129:Core/Src/stm32f4xx_it.c ****   {
 130:Core/Src/stm32f4xx_it.c ****     /* USER CODE BEGIN W1_BusFault_IRQn 0 */
 131:Core/Src/stm32f4xx_it.c ****     /* USER CODE END W1_BusFault_IRQn 0 */
 132:Core/Src/stm32f4xx_it.c ****   }
 106              		.loc 1 132 3 discriminator 1 view .LVU14
 128:Core/Src/stm32f4xx_it.c ****   {
 107              		.loc 1 128 9 discriminator 1 view .LVU15
 108 0000 FEE7     		b	.L8
 109              		.cfi_endproc
 110              	.LFE133:
 112              		.section	.text.UsageFault_Handler,"ax",%progbits
 113              		.align	1
 114              		.global	UsageFault_Handler
 115              		.syntax unified
 116              		.thumb
 117              		.thumb_func
 119              	UsageFault_Handler:
 120              	.LFB134:
 133:Core/Src/stm32f4xx_it.c **** }
 134:Core/Src/stm32f4xx_it.c **** 
 135:Core/Src/stm32f4xx_it.c **** /**
 136:Core/Src/stm32f4xx_it.c ****   * @brief This function handles Undefined instruction or illegal state.
 137:Core/Src/stm32f4xx_it.c ****   */
 138:Core/Src/stm32f4xx_it.c **** void UsageFault_Handler(void)
 139:Core/Src/stm32f4xx_it.c **** {
 121              		.loc 1 139 1 view -0
 122              		.cfi_startproc
 123              		@ Volatile: function does not return.
 124              		@ args = 0, pretend = 0, frame = 0
 125              		@ frame_needed = 0, uses_anonymous_args = 0
 126              		@ link register save eliminated.
 127              	.L10:
 140:Core/Src/stm32f4xx_it.c ****   /* USER CODE BEGIN UsageFault_IRQn 0 */
 141:Core/Src/stm32f4xx_it.c **** 
 142:Core/Src/stm32f4xx_it.c ****   /* USER CODE END UsageFault_IRQn 0 */
 143:Core/Src/stm32f4xx_it.c ****   while (1)
 128              		.loc 1 143 3 discriminator 1 view .LVU17
 144:Core/Src/stm32f4xx_it.c ****   {
 145:Core/Src/stm32f4xx_it.c ****     /* USER CODE BEGIN W1_UsageFault_IRQn 0 */
 146:Core/Src/stm32f4xx_it.c ****     /* USER CODE END W1_UsageFault_IRQn 0 */
 147:Core/Src/stm32f4xx_it.c ****   }
 129              		.loc 1 147 3 discriminator 1 view .LVU18
 143:Core/Src/stm32f4xx_it.c ****   {
 130              		.loc 1 143 9 discriminator 1 view .LVU19
 131 0000 FEE7     		b	.L10
 132              		.cfi_endproc
 133              	.LFE134:
 135              		.section	.text.DebugMon_Handler,"ax",%progbits
 136              		.align	1
 137              		.global	DebugMon_Handler
 138              		.syntax unified
 139              		.thumb
 140              		.thumb_func
 142              	DebugMon_Handler:
 143              	.LFB135:
 148:Core/Src/stm32f4xx_it.c **** }
ARM GAS  /var/folders/lr/lj34qkqj2c73hcmf5705x8480000gn/T//cck8IyFR.s 			page 6


 149:Core/Src/stm32f4xx_it.c **** 
 150:Core/Src/stm32f4xx_it.c **** /**
 151:Core/Src/stm32f4xx_it.c ****   * @brief This function handles Debug monitor.
 152:Core/Src/stm32f4xx_it.c ****   */
 153:Core/Src/stm32f4xx_it.c **** void DebugMon_Handler(void)
 154:Core/Src/stm32f4xx_it.c **** {
 144              		.loc 1 154 1 view -0
 145              		.cfi_startproc
 146              		@ args = 0, pretend = 0, frame = 0
 147              		@ frame_needed = 0, uses_anonymous_args = 0
 148              		@ link register save eliminated.
 155:Core/Src/stm32f4xx_it.c ****   /* USER CODE BEGIN DebugMonitor_IRQn 0 */
 156:Core/Src/stm32f4xx_it.c **** 
 157:Core/Src/stm32f4xx_it.c ****   /* USER CODE END DebugMonitor_IRQn 0 */
 158:Core/Src/stm32f4xx_it.c ****   /* USER CODE BEGIN DebugMonitor_IRQn 1 */
 159:Core/Src/stm32f4xx_it.c **** 
 160:Core/Src/stm32f4xx_it.c ****   /* USER CODE END DebugMonitor_IRQn 1 */
 161:Core/Src/stm32f4xx_it.c **** }
 149              		.loc 1 161 1 view .LVU21
 150 0000 7047     		bx	lr
 151              		.cfi_endproc
 152              	.LFE135:
 154              		.section	.text.DMA1_Stream1_IRQHandler,"ax",%progbits
 155              		.align	1
 156              		.global	DMA1_Stream1_IRQHandler
 157              		.syntax unified
 158              		.thumb
 159              		.thumb_func
 161              	DMA1_Stream1_IRQHandler:
 162              	.LFB136:
 162:Core/Src/stm32f4xx_it.c **** 
 163:Core/Src/stm32f4xx_it.c **** /******************************************************************************/
 164:Core/Src/stm32f4xx_it.c **** /* STM32F4xx Peripheral Interrupt Handlers                                    */
 165:Core/Src/stm32f4xx_it.c **** /* Add here the Interrupt Handlers for the used peripherals.                  */
 166:Core/Src/stm32f4xx_it.c **** /* For the available peripheral interrupt handler names,                      */
 167:Core/Src/stm32f4xx_it.c **** /* please refer to the startup file (startup_stm32f4xx.s).                    */
 168:Core/Src/stm32f4xx_it.c **** /******************************************************************************/
 169:Core/Src/stm32f4xx_it.c **** 
 170:Core/Src/stm32f4xx_it.c **** /**
 171:Core/Src/stm32f4xx_it.c ****   * @brief This function handles DMA1 stream1 global interrupt.
 172:Core/Src/stm32f4xx_it.c ****   */
 173:Core/Src/stm32f4xx_it.c **** void DMA1_Stream1_IRQHandler(void)
 174:Core/Src/stm32f4xx_it.c **** {
 163              		.loc 1 174 1 view -0
 164              		.cfi_startproc
 165              		@ args = 0, pretend = 0, frame = 0
 166              		@ frame_needed = 0, uses_anonymous_args = 0
 167 0000 08B5     		push	{r3, lr}
 168              	.LCFI0:
 169              		.cfi_def_cfa_offset 8
 170              		.cfi_offset 3, -8
 171              		.cfi_offset 14, -4
 175:Core/Src/stm32f4xx_it.c ****   /* USER CODE BEGIN DMA1_Stream1_IRQn 0 */
 176:Core/Src/stm32f4xx_it.c **** 
 177:Core/Src/stm32f4xx_it.c ****   /* USER CODE END DMA1_Stream1_IRQn 0 */
 178:Core/Src/stm32f4xx_it.c ****   HAL_DMA_IRQHandler(&hdma_i2c3_rx);
 172              		.loc 1 178 3 view .LVU23
ARM GAS  /var/folders/lr/lj34qkqj2c73hcmf5705x8480000gn/T//cck8IyFR.s 			page 7


 173 0002 0248     		ldr	r0, .L14
 174 0004 FFF7FEFF 		bl	HAL_DMA_IRQHandler
 175              	.LVL0:
 179:Core/Src/stm32f4xx_it.c ****   /* USER CODE BEGIN DMA1_Stream1_IRQn 1 */
 180:Core/Src/stm32f4xx_it.c **** 
 181:Core/Src/stm32f4xx_it.c ****   /* USER CODE END DMA1_Stream1_IRQn 1 */
 182:Core/Src/stm32f4xx_it.c **** }
 176              		.loc 1 182 1 is_stmt 0 view .LVU24
 177 0008 08BD     		pop	{r3, pc}
 178              	.L15:
 179 000a 00BF     		.align	2
 180              	.L14:
 181 000c 00000000 		.word	hdma_i2c3_rx
 182              		.cfi_endproc
 183              	.LFE136:
 185              		.section	.text.DMA1_Stream4_IRQHandler,"ax",%progbits
 186              		.align	1
 187              		.global	DMA1_Stream4_IRQHandler
 188              		.syntax unified
 189              		.thumb
 190              		.thumb_func
 192              	DMA1_Stream4_IRQHandler:
 193              	.LFB137:
 183:Core/Src/stm32f4xx_it.c **** 
 184:Core/Src/stm32f4xx_it.c **** /**
 185:Core/Src/stm32f4xx_it.c ****   * @brief This function handles DMA1 stream4 global interrupt.
 186:Core/Src/stm32f4xx_it.c ****   */
 187:Core/Src/stm32f4xx_it.c **** void DMA1_Stream4_IRQHandler(void)
 188:Core/Src/stm32f4xx_it.c **** {
 194              		.loc 1 188 1 is_stmt 1 view -0
 195              		.cfi_startproc
 196              		@ args = 0, pretend = 0, frame = 0
 197              		@ frame_needed = 0, uses_anonymous_args = 0
 198 0000 08B5     		push	{r3, lr}
 199              	.LCFI1:
 200              		.cfi_def_cfa_offset 8
 201              		.cfi_offset 3, -8
 202              		.cfi_offset 14, -4
 189:Core/Src/stm32f4xx_it.c ****   /* USER CODE BEGIN DMA1_Stream4_IRQn 0 */
 190:Core/Src/stm32f4xx_it.c **** 
 191:Core/Src/stm32f4xx_it.c ****   /* USER CODE END DMA1_Stream4_IRQn 0 */
 192:Core/Src/stm32f4xx_it.c ****   HAL_DMA_IRQHandler(&hdma_i2c3_tx);
 203              		.loc 1 192 3 view .LVU26
 204 0002 0248     		ldr	r0, .L18
 205 0004 FFF7FEFF 		bl	HAL_DMA_IRQHandler
 206              	.LVL1:
 193:Core/Src/stm32f4xx_it.c ****   /* USER CODE BEGIN DMA1_Stream4_IRQn 1 */
 194:Core/Src/stm32f4xx_it.c **** 
 195:Core/Src/stm32f4xx_it.c ****   /* USER CODE END DMA1_Stream4_IRQn 1 */
 196:Core/Src/stm32f4xx_it.c **** }
 207              		.loc 1 196 1 is_stmt 0 view .LVU27
 208 0008 08BD     		pop	{r3, pc}
 209              	.L19:
 210 000a 00BF     		.align	2
 211              	.L18:
 212 000c 00000000 		.word	hdma_i2c3_tx
 213              		.cfi_endproc
ARM GAS  /var/folders/lr/lj34qkqj2c73hcmf5705x8480000gn/T//cck8IyFR.s 			page 8


 214              	.LFE137:
 216              		.section	.text.DMA1_Stream5_IRQHandler,"ax",%progbits
 217              		.align	1
 218              		.global	DMA1_Stream5_IRQHandler
 219              		.syntax unified
 220              		.thumb
 221              		.thumb_func
 223              	DMA1_Stream5_IRQHandler:
 224              	.LFB138:
 197:Core/Src/stm32f4xx_it.c **** 
 198:Core/Src/stm32f4xx_it.c **** /**
 199:Core/Src/stm32f4xx_it.c ****   * @brief This function handles DMA1 stream5 global interrupt.
 200:Core/Src/stm32f4xx_it.c ****   */
 201:Core/Src/stm32f4xx_it.c **** void DMA1_Stream5_IRQHandler(void)
 202:Core/Src/stm32f4xx_it.c **** {
 225              		.loc 1 202 1 is_stmt 1 view -0
 226              		.cfi_startproc
 227              		@ args = 0, pretend = 0, frame = 0
 228              		@ frame_needed = 0, uses_anonymous_args = 0
 229 0000 08B5     		push	{r3, lr}
 230              	.LCFI2:
 231              		.cfi_def_cfa_offset 8
 232              		.cfi_offset 3, -8
 233              		.cfi_offset 14, -4
 203:Core/Src/stm32f4xx_it.c ****   /* USER CODE BEGIN DMA1_Stream5_IRQn 0 */
 204:Core/Src/stm32f4xx_it.c **** 
 205:Core/Src/stm32f4xx_it.c ****   /* USER CODE END DMA1_Stream5_IRQn 0 */
 206:Core/Src/stm32f4xx_it.c ****   HAL_DMA_IRQHandler(&hdma_usart2_rx);
 234              		.loc 1 206 3 view .LVU29
 235 0002 0248     		ldr	r0, .L22
 236 0004 FFF7FEFF 		bl	HAL_DMA_IRQHandler
 237              	.LVL2:
 207:Core/Src/stm32f4xx_it.c ****   /* USER CODE BEGIN DMA1_Stream5_IRQn 1 */
 208:Core/Src/stm32f4xx_it.c **** 
 209:Core/Src/stm32f4xx_it.c ****   /* USER CODE END DMA1_Stream5_IRQn 1 */
 210:Core/Src/stm32f4xx_it.c **** }
 238              		.loc 1 210 1 is_stmt 0 view .LVU30
 239 0008 08BD     		pop	{r3, pc}
 240              	.L23:
 241 000a 00BF     		.align	2
 242              	.L22:
 243 000c 00000000 		.word	hdma_usart2_rx
 244              		.cfi_endproc
 245              	.LFE138:
 247              		.section	.text.DMA1_Stream6_IRQHandler,"ax",%progbits
 248              		.align	1
 249              		.global	DMA1_Stream6_IRQHandler
 250              		.syntax unified
 251              		.thumb
 252              		.thumb_func
 254              	DMA1_Stream6_IRQHandler:
 255              	.LFB139:
 211:Core/Src/stm32f4xx_it.c **** 
 212:Core/Src/stm32f4xx_it.c **** /**
 213:Core/Src/stm32f4xx_it.c ****   * @brief This function handles DMA1 stream6 global interrupt.
 214:Core/Src/stm32f4xx_it.c ****   */
 215:Core/Src/stm32f4xx_it.c **** void DMA1_Stream6_IRQHandler(void)
ARM GAS  /var/folders/lr/lj34qkqj2c73hcmf5705x8480000gn/T//cck8IyFR.s 			page 9


 216:Core/Src/stm32f4xx_it.c **** {
 256              		.loc 1 216 1 is_stmt 1 view -0
 257              		.cfi_startproc
 258              		@ args = 0, pretend = 0, frame = 0
 259              		@ frame_needed = 0, uses_anonymous_args = 0
 260 0000 08B5     		push	{r3, lr}
 261              	.LCFI3:
 262              		.cfi_def_cfa_offset 8
 263              		.cfi_offset 3, -8
 264              		.cfi_offset 14, -4
 217:Core/Src/stm32f4xx_it.c ****   /* USER CODE BEGIN DMA1_Stream6_IRQn 0 */
 218:Core/Src/stm32f4xx_it.c **** 
 219:Core/Src/stm32f4xx_it.c ****   /* USER CODE END DMA1_Stream6_IRQn 0 */
 220:Core/Src/stm32f4xx_it.c ****   HAL_DMA_IRQHandler(&hdma_usart2_tx);
 265              		.loc 1 220 3 view .LVU32
 266 0002 0248     		ldr	r0, .L26
 267 0004 FFF7FEFF 		bl	HAL_DMA_IRQHandler
 268              	.LVL3:
 221:Core/Src/stm32f4xx_it.c ****   /* USER CODE BEGIN DMA1_Stream6_IRQn 1 */
 222:Core/Src/stm32f4xx_it.c **** 
 223:Core/Src/stm32f4xx_it.c ****   /* USER CODE END DMA1_Stream6_IRQn 1 */
 224:Core/Src/stm32f4xx_it.c **** }
 269              		.loc 1 224 1 is_stmt 0 view .LVU33
 270 0008 08BD     		pop	{r3, pc}
 271              	.L27:
 272 000a 00BF     		.align	2
 273              	.L26:
 274 000c 00000000 		.word	hdma_usart2_tx
 275              		.cfi_endproc
 276              	.LFE139:
 278              		.section	.text.TIM4_IRQHandler,"ax",%progbits
 279              		.align	1
 280              		.global	TIM4_IRQHandler
 281              		.syntax unified
 282              		.thumb
 283              		.thumb_func
 285              	TIM4_IRQHandler:
 286              	.LFB140:
 225:Core/Src/stm32f4xx_it.c **** 
 226:Core/Src/stm32f4xx_it.c **** /**
 227:Core/Src/stm32f4xx_it.c ****   * @brief This function handles TIM4 global interrupt.
 228:Core/Src/stm32f4xx_it.c ****   */
 229:Core/Src/stm32f4xx_it.c **** void TIM4_IRQHandler(void)
 230:Core/Src/stm32f4xx_it.c **** {
 287              		.loc 1 230 1 is_stmt 1 view -0
 288              		.cfi_startproc
 289              		@ args = 0, pretend = 0, frame = 0
 290              		@ frame_needed = 0, uses_anonymous_args = 0
 291 0000 08B5     		push	{r3, lr}
 292              	.LCFI4:
 293              		.cfi_def_cfa_offset 8
 294              		.cfi_offset 3, -8
 295              		.cfi_offset 14, -4
 231:Core/Src/stm32f4xx_it.c ****   /* USER CODE BEGIN TIM4_IRQn 0 */
 232:Core/Src/stm32f4xx_it.c **** 
 233:Core/Src/stm32f4xx_it.c ****   /* USER CODE END TIM4_IRQn 0 */
 234:Core/Src/stm32f4xx_it.c ****   HAL_TIM_IRQHandler(&htim4);
ARM GAS  /var/folders/lr/lj34qkqj2c73hcmf5705x8480000gn/T//cck8IyFR.s 			page 10


 296              		.loc 1 234 3 view .LVU35
 297 0002 0248     		ldr	r0, .L30
 298 0004 FFF7FEFF 		bl	HAL_TIM_IRQHandler
 299              	.LVL4:
 235:Core/Src/stm32f4xx_it.c ****   /* USER CODE BEGIN TIM4_IRQn 1 */
 236:Core/Src/stm32f4xx_it.c **** 
 237:Core/Src/stm32f4xx_it.c ****   /* USER CODE END TIM4_IRQn 1 */
 238:Core/Src/stm32f4xx_it.c **** }
 300              		.loc 1 238 1 is_stmt 0 view .LVU36
 301 0008 08BD     		pop	{r3, pc}
 302              	.L31:
 303 000a 00BF     		.align	2
 304              	.L30:
 305 000c 00000000 		.word	htim4
 306              		.cfi_endproc
 307              	.LFE140:
 309              		.section	.text.USART1_IRQHandler,"ax",%progbits
 310              		.align	1
 311              		.global	USART1_IRQHandler
 312              		.syntax unified
 313              		.thumb
 314              		.thumb_func
 316              	USART1_IRQHandler:
 317              	.LFB141:
 239:Core/Src/stm32f4xx_it.c **** 
 240:Core/Src/stm32f4xx_it.c **** /**
 241:Core/Src/stm32f4xx_it.c ****   * @brief This function handles USART1 global interrupt.
 242:Core/Src/stm32f4xx_it.c ****   */
 243:Core/Src/stm32f4xx_it.c **** void USART1_IRQHandler(void)
 244:Core/Src/stm32f4xx_it.c **** {
 318              		.loc 1 244 1 is_stmt 1 view -0
 319              		.cfi_startproc
 320              		@ args = 0, pretend = 0, frame = 0
 321              		@ frame_needed = 0, uses_anonymous_args = 0
 322 0000 08B5     		push	{r3, lr}
 323              	.LCFI5:
 324              		.cfi_def_cfa_offset 8
 325              		.cfi_offset 3, -8
 326              		.cfi_offset 14, -4
 245:Core/Src/stm32f4xx_it.c ****   /* USER CODE BEGIN USART1_IRQn 0 */
 246:Core/Src/stm32f4xx_it.c **** 
 247:Core/Src/stm32f4xx_it.c ****   /* USER CODE END USART1_IRQn 0 */
 248:Core/Src/stm32f4xx_it.c ****   HAL_UART_IRQHandler(&huart1);
 327              		.loc 1 248 3 view .LVU38
 328 0002 0248     		ldr	r0, .L34
 329 0004 FFF7FEFF 		bl	HAL_UART_IRQHandler
 330              	.LVL5:
 249:Core/Src/stm32f4xx_it.c ****   /* USER CODE BEGIN USART1_IRQn 1 */
 250:Core/Src/stm32f4xx_it.c **** 
 251:Core/Src/stm32f4xx_it.c ****   /* USER CODE END USART1_IRQn 1 */
 252:Core/Src/stm32f4xx_it.c **** }
 331              		.loc 1 252 1 is_stmt 0 view .LVU39
 332 0008 08BD     		pop	{r3, pc}
 333              	.L35:
 334 000a 00BF     		.align	2
 335              	.L34:
 336 000c 00000000 		.word	huart1
ARM GAS  /var/folders/lr/lj34qkqj2c73hcmf5705x8480000gn/T//cck8IyFR.s 			page 11


 337              		.cfi_endproc
 338              	.LFE141:
 340              		.section	.text.DMA2_Stream0_IRQHandler,"ax",%progbits
 341              		.align	1
 342              		.global	DMA2_Stream0_IRQHandler
 343              		.syntax unified
 344              		.thumb
 345              		.thumb_func
 347              	DMA2_Stream0_IRQHandler:
 348              	.LFB142:
 253:Core/Src/stm32f4xx_it.c **** 
 254:Core/Src/stm32f4xx_it.c **** /**
 255:Core/Src/stm32f4xx_it.c ****   * @brief This function handles DMA2 stream0 global interrupt.
 256:Core/Src/stm32f4xx_it.c ****   */
 257:Core/Src/stm32f4xx_it.c **** void DMA2_Stream0_IRQHandler(void)
 258:Core/Src/stm32f4xx_it.c **** {
 349              		.loc 1 258 1 is_stmt 1 view -0
 350              		.cfi_startproc
 351              		@ args = 0, pretend = 0, frame = 0
 352              		@ frame_needed = 0, uses_anonymous_args = 0
 353 0000 08B5     		push	{r3, lr}
 354              	.LCFI6:
 355              		.cfi_def_cfa_offset 8
 356              		.cfi_offset 3, -8
 357              		.cfi_offset 14, -4
 259:Core/Src/stm32f4xx_it.c ****   /* USER CODE BEGIN DMA2_Stream0_IRQn 0 */
 260:Core/Src/stm32f4xx_it.c **** 
 261:Core/Src/stm32f4xx_it.c ****   /* USER CODE END DMA2_Stream0_IRQn 0 */
 262:Core/Src/stm32f4xx_it.c ****   HAL_DMA_IRQHandler(&hdma_spi1_rx);
 358              		.loc 1 262 3 view .LVU41
 359 0002 0248     		ldr	r0, .L38
 360 0004 FFF7FEFF 		bl	HAL_DMA_IRQHandler
 361              	.LVL6:
 263:Core/Src/stm32f4xx_it.c ****   /* USER CODE BEGIN DMA2_Stream0_IRQn 1 */
 264:Core/Src/stm32f4xx_it.c **** 
 265:Core/Src/stm32f4xx_it.c ****   /* USER CODE END DMA2_Stream0_IRQn 1 */
 266:Core/Src/stm32f4xx_it.c **** }
 362              		.loc 1 266 1 is_stmt 0 view .LVU42
 363 0008 08BD     		pop	{r3, pc}
 364              	.L39:
 365 000a 00BF     		.align	2
 366              	.L38:
 367 000c 00000000 		.word	hdma_spi1_rx
 368              		.cfi_endproc
 369              	.LFE142:
 371              		.section	.text.DMA2_Stream3_IRQHandler,"ax",%progbits
 372              		.align	1
 373              		.global	DMA2_Stream3_IRQHandler
 374              		.syntax unified
 375              		.thumb
 376              		.thumb_func
 378              	DMA2_Stream3_IRQHandler:
 379              	.LFB143:
 267:Core/Src/stm32f4xx_it.c **** 
 268:Core/Src/stm32f4xx_it.c **** /**
 269:Core/Src/stm32f4xx_it.c ****   * @brief This function handles DMA2 stream3 global interrupt.
 270:Core/Src/stm32f4xx_it.c ****   */
ARM GAS  /var/folders/lr/lj34qkqj2c73hcmf5705x8480000gn/T//cck8IyFR.s 			page 12


 271:Core/Src/stm32f4xx_it.c **** void DMA2_Stream3_IRQHandler(void)
 272:Core/Src/stm32f4xx_it.c **** {
 380              		.loc 1 272 1 is_stmt 1 view -0
 381              		.cfi_startproc
 382              		@ args = 0, pretend = 0, frame = 0
 383              		@ frame_needed = 0, uses_anonymous_args = 0
 384 0000 08B5     		push	{r3, lr}
 385              	.LCFI7:
 386              		.cfi_def_cfa_offset 8
 387              		.cfi_offset 3, -8
 388              		.cfi_offset 14, -4
 273:Core/Src/stm32f4xx_it.c ****   /* USER CODE BEGIN DMA2_Stream3_IRQn 0 */
 274:Core/Src/stm32f4xx_it.c **** 
 275:Core/Src/stm32f4xx_it.c ****   /* USER CODE END DMA2_Stream3_IRQn 0 */
 276:Core/Src/stm32f4xx_it.c ****   HAL_DMA_IRQHandler(&hdma_spi1_tx);
 389              		.loc 1 276 3 view .LVU44
 390 0002 0248     		ldr	r0, .L42
 391 0004 FFF7FEFF 		bl	HAL_DMA_IRQHandler
 392              	.LVL7:
 277:Core/Src/stm32f4xx_it.c ****   /* USER CODE BEGIN DMA2_Stream3_IRQn 1 */
 278:Core/Src/stm32f4xx_it.c **** 
 279:Core/Src/stm32f4xx_it.c ****   /* USER CODE END DMA2_Stream3_IRQn 1 */
 280:Core/Src/stm32f4xx_it.c **** }
 393              		.loc 1 280 1 is_stmt 0 view .LVU45
 394 0008 08BD     		pop	{r3, pc}
 395              	.L43:
 396 000a 00BF     		.align	2
 397              	.L42:
 398 000c 00000000 		.word	hdma_spi1_tx
 399              		.cfi_endproc
 400              	.LFE143:
 402              		.section	.text.DMA2_Stream7_IRQHandler,"ax",%progbits
 403              		.align	1
 404              		.global	DMA2_Stream7_IRQHandler
 405              		.syntax unified
 406              		.thumb
 407              		.thumb_func
 409              	DMA2_Stream7_IRQHandler:
 410              	.LFB144:
 281:Core/Src/stm32f4xx_it.c **** 
 282:Core/Src/stm32f4xx_it.c **** /**
 283:Core/Src/stm32f4xx_it.c ****   * @brief This function handles DMA2 stream7 global interrupt.
 284:Core/Src/stm32f4xx_it.c ****   */
 285:Core/Src/stm32f4xx_it.c **** void DMA2_Stream7_IRQHandler(void)
 286:Core/Src/stm32f4xx_it.c **** {
 411              		.loc 1 286 1 is_stmt 1 view -0
 412              		.cfi_startproc
 413              		@ args = 0, pretend = 0, frame = 0
 414              		@ frame_needed = 0, uses_anonymous_args = 0
 415 0000 08B5     		push	{r3, lr}
 416              	.LCFI8:
 417              		.cfi_def_cfa_offset 8
 418              		.cfi_offset 3, -8
 419              		.cfi_offset 14, -4
 287:Core/Src/stm32f4xx_it.c ****   /* USER CODE BEGIN DMA2_Stream7_IRQn 0 */
 288:Core/Src/stm32f4xx_it.c **** 
 289:Core/Src/stm32f4xx_it.c ****   /* USER CODE END DMA2_Stream7_IRQn 0 */
ARM GAS  /var/folders/lr/lj34qkqj2c73hcmf5705x8480000gn/T//cck8IyFR.s 			page 13


 290:Core/Src/stm32f4xx_it.c ****   HAL_DMA_IRQHandler(&hdma_usart1_tx);
 420              		.loc 1 290 3 view .LVU47
 421 0002 0248     		ldr	r0, .L46
 422 0004 FFF7FEFF 		bl	HAL_DMA_IRQHandler
 423              	.LVL8:
 291:Core/Src/stm32f4xx_it.c ****   /* USER CODE BEGIN DMA2_Stream7_IRQn 1 */
 292:Core/Src/stm32f4xx_it.c **** 
 293:Core/Src/stm32f4xx_it.c ****   /* USER CODE END DMA2_Stream7_IRQn 1 */
 294:Core/Src/stm32f4xx_it.c **** }
 424              		.loc 1 294 1 is_stmt 0 view .LVU48
 425 0008 08BD     		pop	{r3, pc}
 426              	.L47:
 427 000a 00BF     		.align	2
 428              	.L46:
 429 000c 00000000 		.word	hdma_usart1_tx
 430              		.cfi_endproc
 431              	.LFE144:
 433              		.text
 434              	.Letext0:
 435              		.file 2 "/Applications/ArmGNUToolchain/12.2.mpacbti-rel1/arm-none-eabi/arm-none-eabi/include/machi
 436              		.file 3 "/Applications/ArmGNUToolchain/12.2.mpacbti-rel1/arm-none-eabi/arm-none-eabi/include/sys/_
 437              		.file 4 "Drivers/CMSIS/Device/ST/STM32F4xx/Include/stm32f401xc.h"
 438              		.file 5 "Drivers/STM32F4xx_HAL_Driver/Inc/stm32f4xx_hal_def.h"
 439              		.file 6 "Drivers/STM32F4xx_HAL_Driver/Inc/stm32f4xx_hal_dma.h"
 440              		.file 7 "Drivers/STM32F4xx_HAL_Driver/Inc/stm32f4xx_hal_tim.h"
 441              		.file 8 "Drivers/STM32F4xx_HAL_Driver/Inc/stm32f4xx_hal_uart.h"
ARM GAS  /var/folders/lr/lj34qkqj2c73hcmf5705x8480000gn/T//cck8IyFR.s 			page 14


DEFINED SYMBOLS
                            *ABS*:00000000 stm32f4xx_it.c
/var/folders/lr/lj34qkqj2c73hcmf5705x8480000gn/T//cck8IyFR.s:21     .text.NMI_Handler:00000000 $t
/var/folders/lr/lj34qkqj2c73hcmf5705x8480000gn/T//cck8IyFR.s:27     .text.NMI_Handler:00000000 NMI_Handler
/var/folders/lr/lj34qkqj2c73hcmf5705x8480000gn/T//cck8IyFR.s:44     .text.HardFault_Handler:00000000 $t
/var/folders/lr/lj34qkqj2c73hcmf5705x8480000gn/T//cck8IyFR.s:50     .text.HardFault_Handler:00000000 HardFault_Handler
/var/folders/lr/lj34qkqj2c73hcmf5705x8480000gn/T//cck8IyFR.s:67     .text.MemManage_Handler:00000000 $t
/var/folders/lr/lj34qkqj2c73hcmf5705x8480000gn/T//cck8IyFR.s:73     .text.MemManage_Handler:00000000 MemManage_Handler
/var/folders/lr/lj34qkqj2c73hcmf5705x8480000gn/T//cck8IyFR.s:90     .text.BusFault_Handler:00000000 $t
/var/folders/lr/lj34qkqj2c73hcmf5705x8480000gn/T//cck8IyFR.s:96     .text.BusFault_Handler:00000000 BusFault_Handler
/var/folders/lr/lj34qkqj2c73hcmf5705x8480000gn/T//cck8IyFR.s:113    .text.UsageFault_Handler:00000000 $t
/var/folders/lr/lj34qkqj2c73hcmf5705x8480000gn/T//cck8IyFR.s:119    .text.UsageFault_Handler:00000000 UsageFault_Handler
/var/folders/lr/lj34qkqj2c73hcmf5705x8480000gn/T//cck8IyFR.s:136    .text.DebugMon_Handler:00000000 $t
/var/folders/lr/lj34qkqj2c73hcmf5705x8480000gn/T//cck8IyFR.s:142    .text.DebugMon_Handler:00000000 DebugMon_Handler
/var/folders/lr/lj34qkqj2c73hcmf5705x8480000gn/T//cck8IyFR.s:155    .text.DMA1_Stream1_IRQHandler:00000000 $t
/var/folders/lr/lj34qkqj2c73hcmf5705x8480000gn/T//cck8IyFR.s:161    .text.DMA1_Stream1_IRQHandler:00000000 DMA1_Stream1_IRQHandler
/var/folders/lr/lj34qkqj2c73hcmf5705x8480000gn/T//cck8IyFR.s:181    .text.DMA1_Stream1_IRQHandler:0000000c $d
/var/folders/lr/lj34qkqj2c73hcmf5705x8480000gn/T//cck8IyFR.s:186    .text.DMA1_Stream4_IRQHandler:00000000 $t
/var/folders/lr/lj34qkqj2c73hcmf5705x8480000gn/T//cck8IyFR.s:192    .text.DMA1_Stream4_IRQHandler:00000000 DMA1_Stream4_IRQHandler
/var/folders/lr/lj34qkqj2c73hcmf5705x8480000gn/T//cck8IyFR.s:212    .text.DMA1_Stream4_IRQHandler:0000000c $d
/var/folders/lr/lj34qkqj2c73hcmf5705x8480000gn/T//cck8IyFR.s:217    .text.DMA1_Stream5_IRQHandler:00000000 $t
/var/folders/lr/lj34qkqj2c73hcmf5705x8480000gn/T//cck8IyFR.s:223    .text.DMA1_Stream5_IRQHandler:00000000 DMA1_Stream5_IRQHandler
/var/folders/lr/lj34qkqj2c73hcmf5705x8480000gn/T//cck8IyFR.s:243    .text.DMA1_Stream5_IRQHandler:0000000c $d
/var/folders/lr/lj34qkqj2c73hcmf5705x8480000gn/T//cck8IyFR.s:248    .text.DMA1_Stream6_IRQHandler:00000000 $t
/var/folders/lr/lj34qkqj2c73hcmf5705x8480000gn/T//cck8IyFR.s:254    .text.DMA1_Stream6_IRQHandler:00000000 DMA1_Stream6_IRQHandler
/var/folders/lr/lj34qkqj2c73hcmf5705x8480000gn/T//cck8IyFR.s:274    .text.DMA1_Stream6_IRQHandler:0000000c $d
/var/folders/lr/lj34qkqj2c73hcmf5705x8480000gn/T//cck8IyFR.s:279    .text.TIM4_IRQHandler:00000000 $t
/var/folders/lr/lj34qkqj2c73hcmf5705x8480000gn/T//cck8IyFR.s:285    .text.TIM4_IRQHandler:00000000 TIM4_IRQHandler
/var/folders/lr/lj34qkqj2c73hcmf5705x8480000gn/T//cck8IyFR.s:305    .text.TIM4_IRQHandler:0000000c $d
/var/folders/lr/lj34qkqj2c73hcmf5705x8480000gn/T//cck8IyFR.s:310    .text.USART1_IRQHandler:00000000 $t
/var/folders/lr/lj34qkqj2c73hcmf5705x8480000gn/T//cck8IyFR.s:316    .text.USART1_IRQHandler:00000000 USART1_IRQHandler
/var/folders/lr/lj34qkqj2c73hcmf5705x8480000gn/T//cck8IyFR.s:336    .text.USART1_IRQHandler:0000000c $d
/var/folders/lr/lj34qkqj2c73hcmf5705x8480000gn/T//cck8IyFR.s:341    .text.DMA2_Stream0_IRQHandler:00000000 $t
/var/folders/lr/lj34qkqj2c73hcmf5705x8480000gn/T//cck8IyFR.s:347    .text.DMA2_Stream0_IRQHandler:00000000 DMA2_Stream0_IRQHandler
/var/folders/lr/lj34qkqj2c73hcmf5705x8480000gn/T//cck8IyFR.s:367    .text.DMA2_Stream0_IRQHandler:0000000c $d
/var/folders/lr/lj34qkqj2c73hcmf5705x8480000gn/T//cck8IyFR.s:372    .text.DMA2_Stream3_IRQHandler:00000000 $t
/var/folders/lr/lj34qkqj2c73hcmf5705x8480000gn/T//cck8IyFR.s:378    .text.DMA2_Stream3_IRQHandler:00000000 DMA2_Stream3_IRQHandler
/var/folders/lr/lj34qkqj2c73hcmf5705x8480000gn/T//cck8IyFR.s:398    .text.DMA2_Stream3_IRQHandler:0000000c $d
/var/folders/lr/lj34qkqj2c73hcmf5705x8480000gn/T//cck8IyFR.s:403    .text.DMA2_Stream7_IRQHandler:00000000 $t
/var/folders/lr/lj34qkqj2c73hcmf5705x8480000gn/T//cck8IyFR.s:409    .text.DMA2_Stream7_IRQHandler:00000000 DMA2_Stream7_IRQHandler
/var/folders/lr/lj34qkqj2c73hcmf5705x8480000gn/T//cck8IyFR.s:429    .text.DMA2_Stream7_IRQHandler:0000000c $d

UNDEFINED SYMBOLS
HAL_DMA_IRQHandler
hdma_i2c3_rx
hdma_i2c3_tx
hdma_usart2_rx
hdma_usart2_tx
HAL_TIM_IRQHandler
htim4
HAL_UART_IRQHandler
huart1
hdma_spi1_rx
hdma_spi1_tx
hdma_usart1_tx
